# JRE version: Java(TM) SE Runtime Environment (8.0_65-b17) (build 1.8.0_65-b17)
# Java VM: Java HotSpot(TM) Client VM (25.65-b01 mixed mode, sharing windows-x86 )
Heap:
 def new generation   total 12352K, used 7848K [0x03a00000, 0x04760000, 0x08f50000)
  eden space 11008K,  71% used [0x03a00000, 0x041aa218, 0x044c0000)
  from space 1344K,   0% used [0x044c0000, 0x044c0000, 0x04610000)
  to   space 1344K,   0% used [0x04610000, 0x04610000, 0x04760000)
 tenured generation   total 27864K, used 18780K [0x08f50000, 0x0aa86000, 0x13a00000)
   the space 27864K,  67% used [0x08f50000, 0x0a1a7388, 0x0a1a7400, 0x0aa86000)
 Metaspace       used 12637K, capacity 13045K, committed 13184K, reserved 13696K
GC Heap History (10 events):
Event: 99.212 GC heap before
{Heap before GC invocations=37 (full 3):
 def new generation   total 12352K, used 11392K [0x03a00000, 0x04760000, 0x08f50000)
  eden space 11008K, 100% used [0x03a00000, 0x044c0000, 0x044c0000)
  from space 1344K,  28% used [0x04610000, 0x046700e0, 0x04760000)
  to   space 1344K,   0% used [0x044c0000, 0x044c0000, 0x04610000)
 tenured generation   total 27352K, used 20724K [0x08f50000, 0x0aa06000, 0x13a00000)
   the space 27352K,  75% used [0x08f50000, 0x0a38d2c8, 0x0a38d400, 0x0aa06000)
 Metaspace       used 12455K, capacity 12711K, committed 12928K, reserved 13696K
Event: 99.220 GC heap after
Heap after GC invocations=38 (full 3):
 def new generation   total 12352K, used 391K [0x03a00000, 0x04760000, 0x08f50000)
  eden space 11008K,   0% used [0x03a00000, 0x03a00000, 0x044c0000)
  from space 1344K,  29% used [0x044c0000, 0x04521fb8, 0x04610000)
  to   space 1344K,   0% used [0x04610000, 0x04610000, 0x04760000)
 tenured generation   total 27352K, used 20724K [0x08f50000, 0x0aa06000, 0x13a00000)
   the space 27352K,  75% used [0x08f50000, 0x0a38d2c8, 0x0a38d400, 0x0aa06000)
 Metaspace       used 12455K, capacity 12711K, committed 12928K, reserved 13696K
}
Event: 100.227 GC heap before
{Heap before GC invocations=38 (full 3):
 def new generation   total 12352K, used 11399K [0x03a00000, 0x04760000, 0x08f50000)
  eden space 11008K, 100% used [0x03a00000, 0x044c0000, 0x044c0000)
  from space 1344K,  29% used [0x044c0000, 0x04521fb8, 0x04610000)
  to   space 1344K,   0% used [0x04610000, 0x04610000, 0x04760000)
 tenured generation   total 27352K, used 20724K [0x08f50000, 0x0aa06000, 0x13a00000)
   the space 27352K,  75% used [0x08f50000, 0x0a38d2c8, 0x0a38d400, 0x0aa06000)
 Metaspace       used 12510K, capacity 12801K, committed 12928K, reserved 13696K
Event: 100.240 GC heap after
Heap after GC invocations=39 (full 3):
 def new generation   total 12352K, used 704K [0x03a00000, 0x04760000, 0x08f50000)
  eden space 11008K,   0% used [0x03a00000, 0x03a00000, 0x044c0000)
  from space 1344K,  52% used [0x04610000, 0x046c00b8, 0x04760000)
  to   space 1344K,   0% used [0x044c0000, 0x044c0000, 0x04610000)
 tenured generation   total 27352K, used 20724K [0x08f50000, 0x0aa06000, 0x13a00000)
   the space 27352K,  75% used [0x08f50000, 0x0a38d2c8, 0x0a38d400, 0x0aa06000)
 Metaspace       used 12510K, capacity 12801K, committed 12928K, reserved 13696K
}
Event: 101.858 GC heap before
{Heap before GC invocations=39 (full 3):
 def new generation   total 12352K, used 11712K [0x03a00000, 0x04760000, 0x08f50000)
  eden space 11008K, 100% used [0x03a00000, 0x044c0000, 0x044c0000)
  from space 1344K,  52% used [0x04610000, 0x046c00b8, 0x04760000)
  to   space 1344K,   0% used [0x044c0000, 0x044c0000, 0x04610000)
 tenured generation   total 27352K, used 20724K [0x08f50000, 0x0aa06000, 0x13a00000)
   the space 27352K,  75% used [0x08f50000, 0x0a38d2c8, 0x0a38d400, 0x0aa06000)
 Metaspace       used 12678K, capacity 13068K, committed 13184K, reserved 13696K
Event: 101.905 GC heap after
Heap after GC invocations=40 (full 3):
 def new generation   total 12352K, used 1344K [0x03a00000, 0x04760000, 0x08f50000)
  eden space 11008K,   0% used [0x03a00000, 0x03a00000, 0x044c0000)
  from space 1344K, 100% used [0x044c0000, 0x04610000, 0x04610000)
  to   space 1344K,   0% used [0x04610000, 0x04610000, 0x04760000)
 tenured generation   total 27352K, used 23154K [0x08f50000, 0x0aa06000, 0x13a00000)
   the space 27352K,  84% used [0x08f50000, 0x0a5ecb48, 0x0a5ecc00, 0x0aa06000)
 Metaspace       used 12678K, capacity 13068K, committed 13184K, reserved 13696K
}
Event: 102.827 GC heap before
{Heap before GC invocations=40 (full 3):
 def new generation   total 12352K, used 12352K [0x03a00000, 0x04760000, 0x08f50000)
  eden space 11008K, 100% used [0x03a00000, 0x044c0000, 0x044c0000)
  from space 1344K, 100% used [0x044c0000, 0x04610000, 0x04610000)
  to   space 1344K,   0% used [0x04610000, 0x04610000, 0x04760000)
 tenured generation   total 27352K, used 23154K [0x08f50000, 0x0aa06000, 0x13a00000)
   the space 27352K,  84% used [0x08f50000, 0x0a5ecb48, 0x0a5ecc00, 0x0aa06000)
 Metaspace       used 12691K, capacity 13111K, committed 13184K, reserved 13696K
Event: 102.870 GC heap after
Heap after GC invocations=41 (full 3):
 def new generation   total 12352K, used 1344K [0x03a00000, 0x04760000, 0x08f50000)
  eden space 11008K,   0% used [0x03a00000, 0x03a00000, 0x044c0000)
  from space 1344K, 100% used [0x04610000, 0x04760000, 0x04760000)
  to   space 1344K,   0% used [0x044c0000, 0x044c0000, 0x04610000)
 tenured generation   total 27352K, used 26124K [0x08f50000, 0x0aa06000, 0x13a00000)
   the space 27352K,  95% used [0x08f50000, 0x0a8d30c0, 0x0a8d3200, 0x0aa06000)
 Metaspace       used 12691K, capacity 13111K, committed 13184K, reserved 13696K
}
Event: 104.185 GC heap before
{Heap before GC invocations=41 (full 3):
 def new generation   total 12352K, used 12350K [0x03a00000, 0x04760000, 0x08f50000)
  eden space 11008K,  99% used [0x03a00000, 0x044bf850, 0x044c0000)
  from space 1344K, 100% used [0x04610000, 0x04760000, 0x04760000)
  to   space 1344K,   0% used [0x044c0000, 0x044c0000, 0x04610000)
 tenured generation   total 27352K, used 26124K [0x08f50000, 0x0aa06000, 0x13a00000)
   the space 27352K,  95% used [0x08f50000, 0x0a8d30c0, 0x0a8d3200, 0x0aa06000)
 Metaspace       used 12703K, capacity 13128K, committed 13184K, reserved 13696K
Event: 104.424 GC heap after
Heap after GC invocations=42 (full 4):
 def new generation   total 12352K, used 0K [0x03a00000, 0x04760000, 0x08f50000)
  eden space 11008K,   0% used [0x03a00000, 0x03a00000, 0x044c0000)
  from space 1344K,   0% used [0x044c0000, 0x044c0000, 0x04610000)
  to   space 1344K,   0% used [0x04610000, 0x04610000, 0x04760000)
 tenured generation   total 27864K, used 18780K [0x08f50000, 0x0aa86000, 0x13a00000)
   the space 27864K,  67% used [0x08f50000, 0x0a1a7388, 0x0a1a7400, 0x0aa86000)
 Metaspace       used 12636K, capacity 13045K, committed 13184K, reserved 13696K
}

